
*** Running vivado
    with args -log mult16_16.vds -m64 -stack 2000 -product Vivado -mode batch -messageDb vivado.pb -notrace -source mult16_16.tcl


****** Vivado v2016.4 (64-bit)
  **** SW Build 1733598 on Wed Dec 14 22:35:42 MST 2016
  **** IP Build 1731160 on Wed Dec 14 23:47:21 MST 2016
    ** Copyright 1986-2016 Xilinx, Inc. All Rights Reserved.

source mult16_16.tcl -notrace
Terminated helper option '--stack' cannot be specified more than once
Starting RTL Elaboration : Time (s): cpu = 00:00:05 ; elapsed = 00:00:05 . Memory (MB): peak = 3109.566 ; gain = 198.094 ; free physical = 1478 ; free virtual = 11714
INFO: [Synth 8-638] synthesizing module 'mult16_16' [/media/natu/data/proj/myproj/NPU/fpga_implement/npu8/npu8.srcs/sources_1/ip/mult16_16/synth/mult16_16.vhd:68]
INFO: [Synth 8-256] done synthesizing module 'mult16_16' (5#1) [/media/natu/data/proj/myproj/NPU/fpga_implement/npu8/npu8.srcs/sources_1/ip/mult16_16/synth/mult16_16.vhd:68]
Finished RTL Elaboration : Time (s): cpu = 00:00:07 ; elapsed = 00:00:07 . Memory (MB): peak = 3160.035 ; gain = 248.562 ; free physical = 1424 ; free virtual = 11661
Finished RTL Optimization Phase 1 : Time (s): cpu = 00:00:07 ; elapsed = 00:00:07 . Memory (MB): peak = 3160.035 ; gain = 248.562 ; free physical = 1424 ; free virtual = 11660
INFO: [Device 21-403] Loading part xcku035-fbva676-3-e
Constraint Validation Runtime : Time (s): cpu = 00:00:00.02 ; elapsed = 00:00:00.01 . Memory (MB): peak = 3676.121 ; gain = 0.000 ; free physical = 1106 ; free virtual = 11343
Finished Constraint Validation : Time (s): cpu = 00:00:15 ; elapsed = 00:00:15 . Memory (MB): peak = 3676.121 ; gain = 764.648 ; free physical = 1071 ; free virtual = 11307
Finished Loading Part and Timing Information : Time (s): cpu = 00:00:15 ; elapsed = 00:00:15 . Memory (MB): peak = 3676.121 ; gain = 764.648 ; free physical = 1071 ; free virtual = 11307
Finished applying 'set_property' XDC Constraints : Time (s): cpu = 00:00:15 ; elapsed = 00:00:15 . Memory (MB): peak = 3676.121 ; gain = 764.648 ; free physical = 1071 ; free virtual = 11307
Finished RTL Optimization Phase 2 : Time (s): cpu = 00:00:16 ; elapsed = 00:00:16 . Memory (MB): peak = 3676.121 ; gain = 764.648 ; free physical = 1073 ; free virtual = 11308
Finished Cross Boundary and Area Optimization : Time (s): cpu = 00:00:16 ; elapsed = 00:00:16 . Memory (MB): peak = 3676.121 ; gain = 764.648 ; free physical = 1056 ; free virtual = 11292
Finished Applying XDC Timing Constraints : Time (s): cpu = 00:00:24 ; elapsed = 00:00:24 . Memory (MB): peak = 3816.199 ; gain = 904.727 ; free physical = 575 ; free virtual = 10811
Finished Timing Optimization : Time (s): cpu = 00:00:24 ; elapsed = 00:00:24 . Memory (MB): peak = 3817.199 ; gain = 905.727 ; free physical = 574 ; free virtual = 10810
Finished Technology Mapping : Time (s): cpu = 00:00:24 ; elapsed = 00:00:24 . Memory (MB): peak = 3836.230 ; gain = 924.758 ; free physical = 564 ; free virtual = 10792
Finished IO Insertion : Time (s): cpu = 00:00:24 ; elapsed = 00:00:25 . Memory (MB): peak = 3836.230 ; gain = 924.758 ; free physical = 562 ; free virtual = 10789
Finished Renaming Generated Instances : Time (s): cpu = 00:00:24 ; elapsed = 00:00:25 . Memory (MB): peak = 3836.230 ; gain = 924.758 ; free physical = 562 ; free virtual = 10789
Finished Rebuilding User Hierarchy : Time (s): cpu = 00:00:24 ; elapsed = 00:00:25 . Memory (MB): peak = 3836.230 ; gain = 924.758 ; free physical = 561 ; free virtual = 10789
Finished Renaming Generated Ports : Time (s): cpu = 00:00:24 ; elapsed = 00:00:25 . Memory (MB): peak = 3836.230 ; gain = 924.758 ; free physical = 561 ; free virtual = 10789
Finished Handling Custom Attributes : Time (s): cpu = 00:00:24 ; elapsed = 00:00:25 . Memory (MB): peak = 3836.230 ; gain = 924.758 ; free physical = 560 ; free virtual = 10788
Finished Renaming Generated Nets : Time (s): cpu = 00:00:24 ; elapsed = 00:00:25 . Memory (MB): peak = 3836.230 ; gain = 924.758 ; free physical = 560 ; free virtual = 10788

Report Cell Usage: 
+------+---------+------+
|      |Cell     |Count |
+------+---------+------+
|1     |CARRY8   |    21|
|2     |LUT1     |    23|
|3     |LUT2     |   129|
|4     |LUT4     |   120|
|5     |MULT_AND |   136|
|6     |MUXCY    |   136|
|7     |XORCY    |   142|
|8     |FDRE     |   267|
+------+---------+------+
Finished Writing Synthesis Report : Time (s): cpu = 00:00:24 ; elapsed = 00:00:25 . Memory (MB): peak = 3836.230 ; gain = 924.758 ; free physical = 560 ; free virtual = 10788
synth_design: Time (s): cpu = 00:00:23 ; elapsed = 00:00:24 . Memory (MB): peak = 3861.230 ; gain = 831.246 ; free physical = 461 ; free virtual = 10685
