['convolution2d_1', 'activation_1', 'convolution2d_2', 'activation_2', 'maxpooling2d_1', 'dropout_1', 'flatten_1', 'dense_1', 'activation_3', 'dropout_2', 'dense_2', 'activation_4']
['convolution2d_1', 'convolution2d_2', 'dense_1', 'dense_2']

convolution2d_1
['convolution2d_1_W:0', 'convolution2d_1_b:0']
(3, 3, 1, 32)
(32, 1, 3, 3)

save convolution2d_1_W:0 to /home/natu/proj/myproj/NPU/example/keres_cnn/keras/output/convolution2d_1_W_z.npy
(32,)
(32,)

save convolution2d_1_b:0 to /home/natu/proj/myproj/NPU/example/keres_cnn/keras/output/convolution2d_1_b_z.npy

convolution2d_2
['convolution2d_2_W:0', 'convolution2d_2_b:0']
(3, 3, 32, 40)
(40, 32, 3, 3)

save convolution2d_2_W:0 to /home/natu/proj/myproj/NPU/example/keres_cnn/keras/output/convolution2d_2_W_z.npy
(40,)
(40,)

save convolution2d_2_b:0 to /home/natu/proj/myproj/NPU/example/keres_cnn/keras/output/convolution2d_2_b_z.npy

dense_1
['dense_1_W:0', 'dense_1_b:0']
(5760, 128)
(128, 5760)

save dense_1_W:0 to /home/natu/proj/myproj/NPU/example/keres_cnn/keras/output/dense_1_W_z.npy
(128,)
(128,)

save dense_1_b:0 to /home/natu/proj/myproj/NPU/example/keres_cnn/keras/output/dense_1_b_z.npy

dense_2
['dense_2_W:0', 'dense_2_b:0']
(128, 46)
(46, 128)

save dense_2_W:0 to /home/natu/proj/myproj/NPU/example/keres_cnn/keras/output/dense_2_W_z.npy
(46,)
(46,)

save dense_2_b:0 to /home/natu/proj/myproj/NPU/example/keres_cnn/keras/output/dense_2_b_z.npy
