
*** Running vivado
    with args -log mul8_16.vds -m64 -stack 2000 -product Vivado -mode batch -messageDb vivado.pb -notrace -source mul8_16.tcl


****** Vivado v2016.4 (64-bit)
  **** SW Build 1733598 on Wed Dec 14 22:35:42 MST 2016
  **** IP Build 1731160 on Wed Dec 14 23:47:21 MST 2016
    ** Copyright 1986-2016 Xilinx, Inc. All Rights Reserved.

source mul8_16.tcl -notrace
Terminated helper option '--stack' cannot be specified more than once
Starting RTL Elaboration : Time (s): cpu = 00:00:05 ; elapsed = 00:00:05 . Memory (MB): peak = 3109.566 ; gain = 198.094 ; free physical = 1571 ; free virtual = 11788
INFO: [Synth 8-638] synthesizing module 'mul8_16' [/media/natu/data/proj/myproj/NPU/fpga_implement/npu8/npu8.srcs/sources_1/ip/mul8_16/synth/mul8_16.vhd:68]
INFO: [Synth 8-256] done synthesizing module 'mul8_16' (5#1) [/media/natu/data/proj/myproj/NPU/fpga_implement/npu8/npu8.srcs/sources_1/ip/mul8_16/synth/mul8_16.vhd:68]
Finished RTL Elaboration : Time (s): cpu = 00:00:06 ; elapsed = 00:00:06 . Memory (MB): peak = 3160.035 ; gain = 248.562 ; free physical = 1518 ; free virtual = 11735
Finished RTL Optimization Phase 1 : Time (s): cpu = 00:00:07 ; elapsed = 00:00:07 . Memory (MB): peak = 3160.035 ; gain = 248.562 ; free physical = 1518 ; free virtual = 11735
INFO: [Device 21-403] Loading part xcku035-fbva676-3-e
Constraint Validation Runtime : Time (s): cpu = 00:00:00.03 ; elapsed = 00:00:00.04 . Memory (MB): peak = 3673.113 ; gain = 0.000 ; free physical = 1201 ; free virtual = 11420
Finished Constraint Validation : Time (s): cpu = 00:00:14 ; elapsed = 00:00:14 . Memory (MB): peak = 3673.113 ; gain = 761.641 ; free physical = 1200 ; free virtual = 11419
Finished Loading Part and Timing Information : Time (s): cpu = 00:00:14 ; elapsed = 00:00:14 . Memory (MB): peak = 3673.113 ; gain = 761.641 ; free physical = 1200 ; free virtual = 11419
Finished applying 'set_property' XDC Constraints : Time (s): cpu = 00:00:14 ; elapsed = 00:00:14 . Memory (MB): peak = 3673.113 ; gain = 761.641 ; free physical = 1200 ; free virtual = 11419
Finished RTL Optimization Phase 2 : Time (s): cpu = 00:00:14 ; elapsed = 00:00:15 . Memory (MB): peak = 3673.113 ; gain = 761.641 ; free physical = 1195 ; free virtual = 11414
Finished Cross Boundary and Area Optimization : Time (s): cpu = 00:00:15 ; elapsed = 00:00:15 . Memory (MB): peak = 3673.113 ; gain = 761.641 ; free physical = 1179 ; free virtual = 11399
Finished Applying XDC Timing Constraints : Time (s): cpu = 00:00:21 ; elapsed = 00:00:22 . Memory (MB): peak = 3815.191 ; gain = 903.719 ; free physical = 930 ; free virtual = 11153
Finished Timing Optimization : Time (s): cpu = 00:00:21 ; elapsed = 00:00:22 . Memory (MB): peak = 3815.191 ; gain = 903.719 ; free physical = 930 ; free virtual = 11152
Finished Technology Mapping : Time (s): cpu = 00:00:21 ; elapsed = 00:00:22 . Memory (MB): peak = 3834.223 ; gain = 922.750 ; free physical = 912 ; free virtual = 11135
Finished IO Insertion : Time (s): cpu = 00:00:22 ; elapsed = 00:00:22 . Memory (MB): peak = 3834.223 ; gain = 922.750 ; free physical = 912 ; free virtual = 11134
Finished Renaming Generated Instances : Time (s): cpu = 00:00:22 ; elapsed = 00:00:22 . Memory (MB): peak = 3834.223 ; gain = 922.750 ; free physical = 912 ; free virtual = 11134
Finished Rebuilding User Hierarchy : Time (s): cpu = 00:00:22 ; elapsed = 00:00:22 . Memory (MB): peak = 3834.223 ; gain = 922.750 ; free physical = 912 ; free virtual = 11134
Finished Renaming Generated Ports : Time (s): cpu = 00:00:22 ; elapsed = 00:00:22 . Memory (MB): peak = 3834.223 ; gain = 922.750 ; free physical = 912 ; free virtual = 11134
Finished Handling Custom Attributes : Time (s): cpu = 00:00:22 ; elapsed = 00:00:22 . Memory (MB): peak = 3834.223 ; gain = 922.750 ; free physical = 912 ; free virtual = 11134
Finished Renaming Generated Nets : Time (s): cpu = 00:00:22 ; elapsed = 00:00:22 . Memory (MB): peak = 3834.223 ; gain = 922.750 ; free physical = 912 ; free virtual = 11134

Report Cell Usage: 
+------+---------+------+
|      |Cell     |Count |
+------+---------+------+
|1     |CARRY8   |     9|
|2     |LUT1     |     3|
|3     |LUT2     |    60|
|4     |LUT3     |    11|
|5     |LUT4     |    60|
|6     |MULT_AND |    68|
|7     |MUXCY    |    68|
|8     |XORCY    |    70|
|9     |FDRE     |   122|
+------+---------+------+
Finished Writing Synthesis Report : Time (s): cpu = 00:00:22 ; elapsed = 00:00:22 . Memory (MB): peak = 3834.223 ; gain = 922.750 ; free physical = 912 ; free virtual = 11134
synth_design: Time (s): cpu = 00:00:21 ; elapsed = 00:00:21 . Memory (MB): peak = 3861.223 ; gain = 832.238 ; free physical = 882 ; free virtual = 11104
