
*** Running vivado
    with args -log mul17_16.vds -m64 -stack 2000 -product Vivado -mode batch -messageDb vivado.pb -notrace -source mul17_16.tcl


****** Vivado v2016.4 (64-bit)
  **** SW Build 1733598 on Wed Dec 14 22:35:42 MST 2016
  **** IP Build 1731160 on Wed Dec 14 23:47:21 MST 2016
    ** Copyright 1986-2016 Xilinx, Inc. All Rights Reserved.

source mul17_16.tcl -notrace
Terminated helper option '--stack' cannot be specified more than once
Starting RTL Elaboration : Time (s): cpu = 00:00:05 ; elapsed = 00:00:05 . Memory (MB): peak = 3109.570 ; gain = 198.094 ; free physical = 1373 ; free virtual = 11699
INFO: [Synth 8-638] synthesizing module 'mul17_16' [/media/natu/data/proj/myproj/NPU/fpga_implement/npu8/npu8.srcs/sources_1/ip/mul17_16/synth/mul17_16.vhd:68]
INFO: [Synth 8-256] done synthesizing module 'mul17_16' (5#1) [/media/natu/data/proj/myproj/NPU/fpga_implement/npu8/npu8.srcs/sources_1/ip/mul17_16/synth/mul17_16.vhd:68]
Finished RTL Elaboration : Time (s): cpu = 00:00:07 ; elapsed = 00:00:07 . Memory (MB): peak = 3161.039 ; gain = 249.562 ; free physical = 1321 ; free virtual = 11646
Finished RTL Optimization Phase 1 : Time (s): cpu = 00:00:07 ; elapsed = 00:00:07 . Memory (MB): peak = 3161.039 ; gain = 249.562 ; free physical = 1321 ; free virtual = 11646
INFO: [Device 21-403] Loading part xcku035-fbva676-3-e
Constraint Validation Runtime : Time (s): cpu = 00:00:00.02 ; elapsed = 00:00:00.01 . Memory (MB): peak = 3676.719 ; gain = 0.000 ; free physical = 1002 ; free virtual = 11328
Finished Constraint Validation : Time (s): cpu = 00:00:15 ; elapsed = 00:00:15 . Memory (MB): peak = 3676.719 ; gain = 765.242 ; free physical = 999 ; free virtual = 11325
Finished Loading Part and Timing Information : Time (s): cpu = 00:00:15 ; elapsed = 00:00:15 . Memory (MB): peak = 3676.719 ; gain = 765.242 ; free physical = 999 ; free virtual = 11325
Finished applying 'set_property' XDC Constraints : Time (s): cpu = 00:00:15 ; elapsed = 00:00:15 . Memory (MB): peak = 3676.719 ; gain = 765.242 ; free physical = 999 ; free virtual = 11325
Finished RTL Optimization Phase 2 : Time (s): cpu = 00:00:15 ; elapsed = 00:00:16 . Memory (MB): peak = 3676.719 ; gain = 765.242 ; free physical = 991 ; free virtual = 11317
Finished Cross Boundary and Area Optimization : Time (s): cpu = 00:00:16 ; elapsed = 00:00:16 . Memory (MB): peak = 3676.719 ; gain = 765.242 ; free physical = 975 ; free virtual = 11301
Finished Applying XDC Timing Constraints : Time (s): cpu = 00:00:23 ; elapsed = 00:00:23 . Memory (MB): peak = 3815.797 ; gain = 904.320 ; free physical = 729 ; free virtual = 11056
Finished Timing Optimization : Time (s): cpu = 00:00:23 ; elapsed = 00:00:23 . Memory (MB): peak = 3816.797 ; gain = 905.320 ; free physical = 729 ; free virtual = 11056
Finished Technology Mapping : Time (s): cpu = 00:00:23 ; elapsed = 00:00:23 . Memory (MB): peak = 3835.828 ; gain = 924.352 ; free physical = 712 ; free virtual = 11039
Finished IO Insertion : Time (s): cpu = 00:00:23 ; elapsed = 00:00:24 . Memory (MB): peak = 3835.828 ; gain = 924.352 ; free physical = 711 ; free virtual = 11038
Finished Renaming Generated Instances : Time (s): cpu = 00:00:23 ; elapsed = 00:00:24 . Memory (MB): peak = 3835.828 ; gain = 924.352 ; free physical = 711 ; free virtual = 11038
Finished Rebuilding User Hierarchy : Time (s): cpu = 00:00:23 ; elapsed = 00:00:24 . Memory (MB): peak = 3835.828 ; gain = 924.352 ; free physical = 711 ; free virtual = 11038
Finished Renaming Generated Ports : Time (s): cpu = 00:00:23 ; elapsed = 00:00:24 . Memory (MB): peak = 3835.828 ; gain = 924.352 ; free physical = 711 ; free virtual = 11038
Finished Handling Custom Attributes : Time (s): cpu = 00:00:23 ; elapsed = 00:00:24 . Memory (MB): peak = 3835.828 ; gain = 924.352 ; free physical = 711 ; free virtual = 11038
Finished Renaming Generated Nets : Time (s): cpu = 00:00:23 ; elapsed = 00:00:24 . Memory (MB): peak = 3835.828 ; gain = 924.352 ; free physical = 711 ; free virtual = 11038

Report Cell Usage: 
+------+---------+------+
|      |Cell     |Count |
+------+---------+------+
|1     |CARRY8   |    22|
|2     |LUT1     |    23|
|3     |LUT2     |   136|
|4     |LUT4     |   128|
|5     |MULT_AND |   144|
|6     |MUXCY    |   144|
|7     |XORCY    |   150|
|8     |FDRE     |   282|
+------+---------+------+
Finished Writing Synthesis Report : Time (s): cpu = 00:00:23 ; elapsed = 00:00:24 . Memory (MB): peak = 3835.828 ; gain = 924.352 ; free physical = 711 ; free virtual = 11038
synth_design: Time (s): cpu = 00:00:22 ; elapsed = 00:00:23 . Memory (MB): peak = 3861.828 ; gain = 831.840 ; free physical = 682 ; free virtual = 11009
